build/outputs/logs/manifest-merger-renhe_android-debug-report.txt
-- Merging decision tree log ---
manifest
ADDED from HeLiaoToGitHub\AndroidManifest.xml:2:1-1124:12
	package
		ADDED from HeLiaoToGitHub\AndroidManifest.xml:4:5-31
		INJECTED from HeLiaoToGitHub\AndroidManifest.xml
		INJECTED from HeLiaoToGitHub\AndroidManifest.xml
	android:versionName
		ADDED from HeLiaoToGitHub\AndroidManifest.xml:6:5-46
		INJECTED from HeLiaoToGitHub\AndroidManifest.xml
		INJECTED from HeLiaoToGitHub\AndroidManifest.xml
	xmlns:tools
		ADDED from HeLiaoToGitHub\AndroidManifest.xml:3:5-51
	android:versionCode
		ADDED from HeLiaoToGitHub\AndroidManifest.xml:5:5-32
		INJECTED from HeLiaoToGitHub\AndroidManifest.xml
		INJECTED from HeLiaoToGitHub\AndroidManifest.xml
	xmlns:android
		ADDED from HeLiaoToGitHub\AndroidManifest.xml:2:11-69
supports-screens
ADDED from HeLiaoToGitHub\AndroidManifest.xml:8:5-13:39
	android:largeScreens
		ADDED from HeLiaoToGitHub\AndroidManifest.xml:10:9-36
	android:smallScreens
		ADDED from HeLiaoToGitHub\AndroidManifest.xml:13:9-36
	android:normalScreens
		ADDED from HeLiaoToGitHub\AndroidManifest.xml:11:9-37
	android:resizeable
		ADDED from HeLiaoToGitHub\AndroidManifest.xml:12:9-34
	android:anyDensity
		ADDED from HeLiaoToGitHub\AndroidManifest.xml:9:9-34
application
ADDED from HeLiaoToGitHub\AndroidManifest.xml:16:5-1051:19
MERGED from [:wukongim_1.4.3.1:] AndroidManifest.xml:20:5-66:19
MERGED from [:auth_push_2.3.2.1:] AndroidManifest.xml:12:5-21:19
MERGED from [:doraemon-multimedia-1.9.9.6:] AndroidManifest.xml:12:5-30:19
MERGED from [com.android.support:design:23.3.0] AndroidManifest.xml:22:5-20
MERGED from [com.android.support:appcompat-v7:23.3.0] AndroidManifest.xml:25:5-20
MERGED from [com.android.support:support-vector-drawable:23.3.0] AndroidManifest.xml:7:5-20
MERGED from [com.android.support:support-v4:23.3.0] AndroidManifest.xml:22:5-20
MERGED from [com.android.support:animated-vector-drawable:23.3.0] AndroidManifest.xml:7:5-20
MERGED from [com.android.support:support-vector-drawable:23.3.0] AndroidManifest.xml:7:5-20
MERGED from [com.android.support:support-v4:23.3.0] AndroidManifest.xml:22:5-20
MERGED from [com.android.support:support-v4:23.3.0] AndroidManifest.xml:22:5-20
MERGED from [com.android.support:support-v4:23.3.0] AndroidManifest.xml:22:5-20
MERGED from [com.android.support:support-v4:23.3.0] AndroidManifest.xml:22:5-20
MERGED from [com.android.support:appcompat-v7:23.3.0] AndroidManifest.xml:25:5-20
MERGED from [com.android.support:support-vector-drawable:23.3.0] AndroidManifest.xml:7:5-20
MERGED from [com.android.support:support-v4:23.3.0] AndroidManifest.xml:22:5-20
MERGED from [com.android.support:animated-vector-drawable:23.3.0] AndroidManifest.xml:7:5-20
MERGED from [com.android.support:support-vector-drawable:23.3.0] AndroidManifest.xml:7:5-20
MERGED from [com.android.support:support-v4:23.3.0] AndroidManifest.xml:22:5-20
MERGED from [com.android.support:support-v4:23.3.0] AndroidManifest.xml:22:5-20
MERGED from [com.github.afollestad.material-dialogs:commons:0.8.5.7] AndroidManifest.xml:12:5-20
MERGED from [com.github.afollestad.material-dialogs:core:0.8.5.7] AndroidManifest.xml:13:5-20
MERGED from [com.android.support:support-v4:23.3.0] AndroidManifest.xml:22:5-20
MERGED from [com.android.support:appcompat-v7:23.3.0] AndroidManifest.xml:25:5-20
MERGED from [com.android.support:support-vector-drawable:23.3.0] AndroidManifest.xml:7:5-20
MERGED from [com.android.support:support-v4:23.3.0] AndroidManifest.xml:22:5-20
MERGED from [com.android.support:animated-vector-drawable:23.3.0] AndroidManifest.xml:7:5-20
MERGED from [com.android.support:support-vector-drawable:23.3.0] AndroidManifest.xml:7:5-20
MERGED from [com.android.support:support-v4:23.3.0] AndroidManifest.xml:22:5-20
MERGED from [com.android.support:support-v4:23.3.0] AndroidManifest.xml:22:5-20
MERGED from [com.android.support:support-v4:23.3.0] AndroidManifest.xml:22:5-20
MERGED from [com.android.support:appcompat-v7:23.3.0] AndroidManifest.xml:25:5-20
MERGED from [com.android.support:support-vector-drawable:23.3.0] AndroidManifest.xml:7:5-20
MERGED from [com.android.support:support-v4:23.3.0] AndroidManifest.xml:22:5-20
MERGED from [com.android.support:animated-vector-drawable:23.3.0] AndroidManifest.xml:7:5-20
MERGED from [com.android.support:support-vector-drawable:23.3.0] AndroidManifest.xml:7:5-20
MERGED from [com.android.support:support-v4:23.3.0] AndroidManifest.xml:22:5-20
MERGED from [com.android.support:support-v4:23.3.0] AndroidManifest.xml:22:5-20
MERGED from [com.android.support:appcompat-v7:23.3.0] AndroidManifest.xml:25:5-20
MERGED from [com.android.support:support-vector-drawable:23.3.0] AndroidManifest.xml:7:5-20
MERGED from [com.android.support:support-v4:23.3.0] AndroidManifest.xml:22:5-20
MERGED from [com.android.support:animated-vector-drawable:23.3.0] AndroidManifest.xml:7:5-20
MERGED from [com.android.support:support-vector-drawable:23.3.0] AndroidManifest.xml:7:5-20
MERGED from [com.android.support:support-v4:23.3.0] AndroidManifest.xml:22:5-20
MERGED from [com.android.support:support-v4:23.3.0] AndroidManifest.xml:22:5-20
MERGED from [org.litepal.android:core:1.3.1] AndroidManifest.xml:11:5-14:19
MERGED from [com.jungly:gridPasswordView:0.3] AndroidManifest.xml:12:5-20
MERGED from [com.android.support:appcompat-v7:23.3.0] AndroidManifest.xml:25:5-20
MERGED from [com.android.support:support-vector-drawable:23.3.0] AndroidManifest.xml:7:5-20
MERGED from [com.android.support:support-v4:23.3.0] AndroidManifest.xml:22:5-20
MERGED from [com.android.support:animated-vector-drawable:23.3.0] AndroidManifest.xml:7:5-20
MERGED from [com.android.support:support-vector-drawable:23.3.0] AndroidManifest.xml:7:5-20
MERGED from [com.android.support:support-v4:23.3.0] AndroidManifest.xml:22:5-20
MERGED from [com.android.support:support-v4:23.3.0] AndroidManifest.xml:22:5-20
MERGED from [Hl5.5.1:emojiLibrary:unspecified] AndroidManifest.xml:11:5-47
MERGED from [com.android.support:design:23.3.0] AndroidManifest.xml:22:5-20
MERGED from [com.android.support:appcompat-v7:23.3.0] AndroidManifest.xml:25:5-20
MERGED from [com.android.support:support-vector-drawable:23.3.0] AndroidManifest.xml:7:5-20
MERGED from [com.android.support:support-v4:23.3.0] AndroidManifest.xml:22:5-20
MERGED from [com.android.support:animated-vector-drawable:23.3.0] AndroidManifest.xml:7:5-20
MERGED from [com.android.support:support-vector-drawable:23.3.0] AndroidManifest.xml:7:5-20
MERGED from [com.android.support:support-v4:23.3.0] AndroidManifest.xml:22:5-20
MERGED from [com.android.support:support-v4:23.3.0] AndroidManifest.xml:22:5-20
MERGED from [com.android.support:support-v4:23.3.0] AndroidManifest.xml:22:5-20
MERGED from [com.android.support:support-v4:23.3.0] AndroidManifest.xml:22:5-20
MERGED from [com.android.support:appcompat-v7:23.3.0] AndroidManifest.xml:25:5-20
MERGED from [com.android.support:support-vector-drawable:23.3.0] AndroidManifest.xml:7:5-20
MERGED from [com.android.support:support-v4:23.3.0] AndroidManifest.xml:22:5-20
MERGED from [com.android.support:animated-vector-drawable:23.3.0] AndroidManifest.xml:7:5-20
MERGED from [com.android.support:support-vector-drawable:23.3.0] AndroidManifest.xml:7:5-20
MERGED from [com.android.support:support-v4:23.3.0] AndroidManifest.xml:22:5-20
MERGED from [com.android.support:support-v4:23.3.0] AndroidManifest.xml:22:5-20
MERGED from [com.android.support:support-v4:23.3.0] AndroidManifest.xml:22:5-20
MERGED from [com.nhaarman.listviewanimations:lib-core:3.1.0] AndroidManifest.xml:26:5-27:19
MERGED from [com.nhaarman.listviewanimations:lib-manipulation:3.1.0] AndroidManifest.xml:26:5-29:19
MERGED from [com.nhaarman.listviewanimations:lib-core-slh:3.1.0] AndroidManifest.xml:26:5-27:19
MERGED from [com.android.support:support-v4:23.3.0] AndroidManifest.xml:22:5-20
MERGED from [Hl5.5.1:OneSDK:unspecified] AndroidManifest.xml:27:5-62:19
MERGED from [Hl5.5.1:heliao-idl:unspecified] AndroidManifest.xml:5:5-7:38
MERGED from [Hl5.5.1:ShortcutLib:unspecified] AndroidManifest.xml:62:5-66:19
MERGED from [com.android.support:appcompat-v7:23.3.0] AndroidManifest.xml:25:5-20
MERGED from [com.android.support:support-vector-drawable:23.3.0] AndroidManifest.xml:7:5-20
MERGED from [com.android.support:support-v4:23.3.0] AndroidManifest.xml:22:5-20
MERGED from [com.android.support:animated-vector-drawable:23.3.0] AndroidManifest.xml:7:5-20
MERGED from [com.android.support:support-vector-drawable:23.3.0] AndroidManifest.xml:7:5-20
MERGED from [com.android.support:support-v4:23.3.0] AndroidManifest.xml:22:5-20
MERGED from [com.android.support:support-v4:23.3.0] AndroidManifest.xml:22:5-20
	android:label
		ADDED from HeLiaoToGitHub\AndroidManifest.xml:20:9-41
	android:supportsRtl
		ADDED from [Hl5.5.1:heliao-idl:unspecified] AndroidManifest.xml:7:9-35
	android:allowBackup
		ADDED from HeLiaoToGitHub\AndroidManifest.xml:18:9-36
		REJECTED from [:wukongim_1.4.3.1:] AndroidManifest.xml:20:18-45
		REJECTED from [org.litepal.android:core:1.3.1] AndroidManifest.xml:12:9-35
		REJECTED from [Hl5.5.1:emojiLibrary:unspecified] AndroidManifest.xml:11:18-44
		REJECTED from [com.nhaarman.listviewanimations:lib-core:3.1.0] AndroidManifest.xml:26:18-44
		REJECTED from [com.nhaarman.listviewanimations:lib-manipulation:3.1.0] AndroidManifest.xml:26:18-44
		REJECTED from [com.nhaarman.listviewanimations:lib-core-slh:3.1.0] AndroidManifest.xml:26:18-44
		REJECTED from [Hl5.5.1:OneSDK:unspecified] AndroidManifest.xml:27:18-44
		REJECTED from [Hl5.5.1:heliao-idl:unspecified] AndroidManifest.xml:6:9-35
		REJECTED from [Hl5.5.1:ShortcutLib:unspecified] AndroidManifest.xml:63:9-35
	android:icon
		ADDED from HeLiaoToGitHub\AndroidManifest.xml:19:9-38
	android:largeHeap
		ADDED from HeLiaoToGitHub\AndroidManifest.xml:21:9-33
	android:theme
		ADDED from HeLiaoToGitHub\AndroidManifest.xml:22:9-50
	tools:replace
		ADDED from HeLiaoToGitHub\AndroidManifest.xml:23:9-36
	android:name
		ADDED from HeLiaoToGitHub\AndroidManifest.xml:17:9-41
activity#com.itcalf.renhe.context.MyPortal
ADDED from HeLiaoToGitHub\AndroidManifest.xml:26:9-44:20
	android:screenOrientation
		ADDED from HeLiaoToGitHub\AndroidManifest.xml:28:13-49
	android:theme
		ADDED from HeLiaoToGitHub\AndroidManifest.xml:29:13-48
	android:name
		ADDED from HeLiaoToGitHub\AndroidManifest.xml:27:13-45
intent-filter#android.intent.action.MAIN+android.intent.category.LAUNCHER
ADDED from HeLiaoToGitHub\AndroidManifest.xml:30:13-33:29
action#android.intent.action.MAIN
ADDED from HeLiaoToGitHub\AndroidManifest.xml:31:17-69
	android:name
		ADDED from HeLiaoToGitHub\AndroidManifest.xml:31:25-66
category#android.intent.category.LAUNCHER
ADDED from HeLiaoToGitHub\AndroidManifest.xml:32:17-77
	android:name
		ADDED from HeLiaoToGitHub\AndroidManifest.xml:32:27-74
intent-filter#android.intent.action.VIEW+android.intent.category.BROWSABLE+android.intent.category.DEFAULT
ADDED from HeLiaoToGitHub\AndroidManifest.xml:34:13-43:29
action#android.intent.action.VIEW
ADDED from HeLiaoToGitHub\AndroidManifest.xml:35:17-69
	android:name
		ADDED from HeLiaoToGitHub\AndroidManifest.xml:35:25-66
category#android.intent.category.DEFAULT
ADDED from HeLiaoToGitHub\AndroidManifest.xml:37:17-76
	android:name
		ADDED from HeLiaoToGitHub\AndroidManifest.xml:37:27-73
category#android.intent.category.BROWSABLE
ADDED from HeLiaoToGitHub\AndroidManifest.xml:38:17-78
	android:name
		ADDED from HeLiaoToGitHub\AndroidManifest.xml:38:27-75
data
ADDED from HeLiaoToGitHub\AndroidManifest.xml:40:17-42:50
	android:host
		ADDED from HeLiaoToGitHub\AndroidManifest.xml:41:21-46
	android:scheme
		ADDED from HeLiaoToGitHub\AndroidManifest.xml:42:21-47
activity#com.itcalf.renhe.context.portal.LoginActivity
ADDED from HeLiaoToGitHub\AndroidManifest.xml:45:9-49:55
	android:screenOrientation
		ADDED from HeLiaoToGitHub\AndroidManifest.xml:47:13-49
	android:windowSoftInputMode
		ADDED from HeLiaoToGitHub\AndroidManifest.xml:49:13-52
	android:theme
		ADDED from HeLiaoToGitHub\AndroidManifest.xml:48:13-48
	android:name
		ADDED from HeLiaoToGitHub\AndroidManifest.xml:46:13-57
activity#com.itcalf.renhe.context.portal.LoginAct
ADDED from HeLiaoToGitHub\AndroidManifest.xml:50:9-54:55
	android:screenOrientation
		ADDED from HeLiaoToGitHub\AndroidManifest.xml:52:13-49
	android:windowSoftInputMode
		ADDED from HeLiaoToGitHub\AndroidManifest.xml:54:13-52
	android:theme
		ADDED from HeLiaoToGitHub\AndroidManifest.xml:53:13-48
	android:name
		ADDED from HeLiaoToGitHub\AndroidManifest.xml:51:13-52
activity#com.itcalf.renhe.context.portal.ClauseActivity
ADDED from HeLiaoToGitHub\AndroidManifest.xml:55:9-57:52
	android:screenOrientation
		ADDED from HeLiaoToGitHub\AndroidManifest.xml:57:13-49
	android:name
		ADDED from HeLiaoToGitHub\AndroidManifest.xml:56:13-58
activity#com.itcalf.renhe.context.contacts.SearchForContactsActivity
ADDED from HeLiaoToGitHub\AndroidManifest.xml:58:9-61:58
	android:screenOrientation
		ADDED from HeLiaoToGitHub\AndroidManifest.xml:60:13-49
	android:windowSoftInputMode
		ADDED from HeLiaoToGitHub\AndroidManifest.xml:61:13-55
	android:name
		ADDED from HeLiaoToGitHub\AndroidManifest.xml:59:13-71
activity#com.itcalf.renhe.context.contacts.FindMoreConnectionsAct
ADDED from HeLiaoToGitHub\AndroidManifest.xml:62:9-65:55
	android:screenOrientation
		ADDED from HeLiaoToGitHub\AndroidManifest.xml:64:13-49
	android:windowSoftInputMode
		ADDED from HeLiaoToGitHub\AndroidManifest.xml:65:13-52
	android:name
		ADDED from HeLiaoToGitHub\AndroidManifest.xml:63:13-68
activity#com.itcalf.renhe.context.contacts.MyCircleAct
ADDED from HeLiaoToGitHub\AndroidManifest.xml:66:9-69:55
	android:screenOrientation
		ADDED from HeLiaoToGitHub\AndroidManifest.xml:68:13-49
	android:windowSoftInputMode
		ADDED from HeLiaoToGitHub\AndroidManifest.xml:69:13-52
	android:name
		ADDED from HeLiaoToGitHub\AndroidManifest.xml:67:13-57
activity#com.itcalf.renhe.context.fragmentMain.TabMainFragmentActivity
ADDED from HeLiaoToGitHub\AndroidManifest.xml:71:9-77:55
	android:screenOrientation
		ADDED from HeLiaoToGitHub\AndroidManifest.xml:75:13-49
	android:launchMode
		ADDED from HeLiaoToGitHub\AndroidManifest.xml:74:13-44
	android:exported
		ADDED from HeLiaoToGitHub\AndroidManifest.xml:73:13-36
	android:windowSoftInputMode
		ADDED from HeLiaoToGitHub\AndroidManifest.xml:77:13-52
	android:theme
		ADDED from HeLiaoToGitHub\AndroidManifest.xml:76:13-52
	android:name
		ADDED from HeLiaoToGitHub\AndroidManifest.xml:72:13-89
activity#com.itcalf.renhe.context.room.AddMessageBoardActivity
ADDED from HeLiaoToGitHub\AndroidManifest.xml:78:9-88:20
	android:screenOrientation
		ADDED from HeLiaoToGitHub\AndroidManifest.xml:82:13-49
	android:label
		ADDED from HeLiaoToGitHub\AndroidManifest.xml:81:13-65
	android:icon
		ADDED from HeLiaoToGitHub\AndroidManifest.xml:80:13-61
	android:name
		ADDED from HeLiaoToGitHub\AndroidManifest.xml:79:13-65
activity#com.itcalf.renhe.context.room.ForwardMessageBoardActivity
ADDED from HeLiaoToGitHub\AndroidManifest.xml:89:9-91:52
	android:screenOrientation
		ADDED from HeLiaoToGitHub\AndroidManifest.xml:91:13-49
	android:name
		ADDED from HeLiaoToGitHub\AndroidManifest.xml:90:13-69
activity#com.itcalf.renhe.context.archives.MyHomeArchivesActivity
ADDED from HeLiaoToGitHub\AndroidManifest.xml:93:9-95:52
	android:screenOrientation
		ADDED from HeLiaoToGitHub\AndroidManifest.xml:95:13-49
	android:name
		ADDED from HeLiaoToGitHub\AndroidManifest.xml:94:13-68
activity#com.itcalf.renhe.context.archives.MyContactArchivesActivity
ADDED from HeLiaoToGitHub\AndroidManifest.xml:97:9-99:52
	android:screenOrientation
		ADDED from HeLiaoToGitHub\AndroidManifest.xml:99:13-49
	android:name
		ADDED from HeLiaoToGitHub\AndroidManifest.xml:98:13-71
activity#com.itcalf.renhe.context.archives.AddFriendAct
ADDED from HeLiaoToGitHub\AndroidManifest.xml:100:9-102:52
	android:screenOrientation
		ADDED from HeLiaoToGitHub\AndroidManifest.xml:102:13-49
	android:name
		ADDED from HeLiaoToGitHub\AndroidManifest.xml:101:13-58
activity#com.itcalf.renhe.context.more.FeedBackActivity
ADDED from HeLiaoToGitHub\AndroidManifest.xml:103:9-105:52
	android:screenOrientation
		ADDED from HeLiaoToGitHub\AndroidManifest.xml:105:13-49
	android:name
		ADDED from HeLiaoToGitHub\AndroidManifest.xml:104:13-58
activity#com.itcalf.renhe.context.relationship.AdvancedSearchActivity
ADDED from HeLiaoToGitHub\AndroidManifest.xml:108:9-111:52
	android:screenOrientation
		ADDED from HeLiaoToGitHub\AndroidManifest.xml:111:13-49
	android:launchMode
		ADDED from HeLiaoToGitHub\AndroidManifest.xml:110:13-44
	android:name
		ADDED from HeLiaoToGitHub\AndroidManifest.xml:109:13-72
activity#com.itcalf.renhe.context.relationship.SearchResultActivity
ADDED from HeLiaoToGitHub\AndroidManifest.xml:112:9-115:52
	android:screenOrientation
		ADDED from HeLiaoToGitHub\AndroidManifest.xml:115:13-49
	android:launchMode
		ADDED from HeLiaoToGitHub\AndroidManifest.xml:114:13-44
	android:name
		ADDED from HeLiaoToGitHub\AndroidManifest.xml:113:13-70
activity#com.itcalf.renhe.context.contacts.SearchContactsActivityNew
ADDED from HeLiaoToGitHub\AndroidManifest.xml:116:9-119:55
	android:screenOrientation
		ADDED from HeLiaoToGitHub\AndroidManifest.xml:118:13-49
	android:windowSoftInputMode
		ADDED from HeLiaoToGitHub\AndroidManifest.xml:119:13-52
	android:name
		ADDED from HeLiaoToGitHub\AndroidManifest.xml:117:13-71
activity#com.itcalf.renhe.context.contacts.SearchContactsFragmentActivity
ADDED from HeLiaoToGitHub\AndroidManifest.xml:120:9-123:55
	android:screenOrientation
		ADDED from HeLiaoToGitHub\AndroidManifest.xml:122:13-49
	android:windowSoftInputMode
		ADDED from HeLiaoToGitHub\AndroidManifest.xml:123:13-52
	android:name
		ADDED from HeLiaoToGitHub\AndroidManifest.xml:121:13-76
activity#com.itcalf.renhe.context.contacts.SaveToMailListActivity
ADDED from HeLiaoToGitHub\AndroidManifest.xml:124:9-127:55
	android:screenOrientation
		ADDED from HeLiaoToGitHub\AndroidManifest.xml:126:13-49
	android:windowSoftInputMode
		ADDED from HeLiaoToGitHub\AndroidManifest.xml:127:13-52
	android:name
		ADDED from HeLiaoToGitHub\AndroidManifest.xml:125:13-68
activity#com.itcalf.renhe.context.contacts.NewFriendsAct
ADDED from HeLiaoToGitHub\AndroidManifest.xml:128:9-131:55
	android:screenOrientation
		ADDED from HeLiaoToGitHub\AndroidManifest.xml:130:13-49
	android:windowSoftInputMode
		ADDED from HeLiaoToGitHub\AndroidManifest.xml:131:13-52
	android:name
		ADDED from HeLiaoToGitHub\AndroidManifest.xml:129:13-59
activity#com.itcalf.renhe.context.contacts.GuessInterestActivity
ADDED from HeLiaoToGitHub\AndroidManifest.xml:132:9-135:55
	android:screenOrientation
		ADDED from HeLiaoToGitHub\AndroidManifest.xml:134:13-49
	android:windowSoftInputMode
		ADDED from HeLiaoToGitHub\AndroidManifest.xml:135:13-52
	android:name
		ADDED from HeLiaoToGitHub\AndroidManifest.xml:133:13-67
activity#com.itcalf.renhe.context.contacts.MobileMailList
ADDED from HeLiaoToGitHub\AndroidManifest.xml:136:9-139:55
	android:screenOrientation
		ADDED from HeLiaoToGitHub\AndroidManifest.xml:138:13-49
	android:windowSoftInputMode
		ADDED from HeLiaoToGitHub\AndroidManifest.xml:139:13-52
	android:name
		ADDED from HeLiaoToGitHub\AndroidManifest.xml:137:13-60
activity#com.itcalf.renhe.context.contacts.MailBoxList
ADDED from HeLiaoToGitHub\AndroidManifest.xml:140:9-143:55
	android:screenOrientation
		ADDED from HeLiaoToGitHub\AndroidManifest.xml:142:13-49
	android:windowSoftInputMode
		ADDED from HeLiaoToGitHub\AndroidManifest.xml:143:13-52
	android:name
		ADDED from HeLiaoToGitHub\AndroidManifest.xml:141:13-57
activity#com.itcalf.renhe.context.contacts.MailBoxWebView
ADDED from HeLiaoToGitHub\AndroidManifest.xml:144:9-147:70
	android:screenOrientation
		ADDED from HeLiaoToGitHub\AndroidManifest.xml:146:13-49
	android:windowSoftInputMode
		ADDED from HeLiaoToGitHub\AndroidManifest.xml:147:13-67
	android:name
		ADDED from HeLiaoToGitHub\AndroidManifest.xml:145:13-60
activity#com.itcalf.renhe.context.contacts.MobileMailContactPopWindown
ADDED from HeLiaoToGitHub\AndroidManifest.xml:148:9-151:69
	android:screenOrientation
		ADDED from HeLiaoToGitHub\AndroidManifest.xml:150:13-49
	android:theme
		ADDED from HeLiaoToGitHub\AndroidManifest.xml:151:13-66
	android:name
		ADDED from HeLiaoToGitHub\AndroidManifest.xml:149:13-73
activity#com.itcalf.renhe.context.contacts.InvitedSuccessActivity
ADDED from HeLiaoToGitHub\AndroidManifest.xml:152:9-155:55
	android:screenOrientation
		ADDED from HeLiaoToGitHub\AndroidManifest.xml:154:13-49
	android:windowSoftInputMode
		ADDED from HeLiaoToGitHub\AndroidManifest.xml:155:13-52
	android:name
		ADDED from HeLiaoToGitHub\AndroidManifest.xml:153:13-68
activity#com.itcalf.renhe.context.contacts.SearchPopWindow
ADDED from HeLiaoToGitHub\AndroidManifest.xml:156:9-159:69
	android:screenOrientation
		ADDED from HeLiaoToGitHub\AndroidManifest.xml:158:13-49
	android:theme
		ADDED from HeLiaoToGitHub\AndroidManifest.xml:159:13-66
	android:name
		ADDED from HeLiaoToGitHub\AndroidManifest.xml:157:13-61
activity#com.itcalf.renhe.context.contacts.SearchResultByContactsActivity
ADDED from HeLiaoToGitHub\AndroidManifest.xml:160:9-163:55
	android:screenOrientation
		ADDED from HeLiaoToGitHub\AndroidManifest.xml:162:13-49
	android:windowSoftInputMode
		ADDED from HeLiaoToGitHub\AndroidManifest.xml:163:13-52
	android:name
		ADDED from HeLiaoToGitHub\AndroidManifest.xml:161:13-76
activity#com.itcalf.renhe.context.more.AccountManagementActivity
ADDED from HeLiaoToGitHub\AndroidManifest.xml:164:9-166:52
	android:screenOrientation
		ADDED from HeLiaoToGitHub\AndroidManifest.xml:166:13-49
	android:name
		ADDED from HeLiaoToGitHub\AndroidManifest.xml:165:13-67
activity#com.itcalf.renhe.context.more.BlacklistActivity
ADDED from HeLiaoToGitHub\AndroidManifest.xml:167:9-169:52
	android:screenOrientation
		ADDED from HeLiaoToGitHub\AndroidManifest.xml:169:13-49
	android:name
		ADDED from HeLiaoToGitHub\AndroidManifest.xml:168:13-59
activity#com.itcalf.renhe.context.more.MySettingActivity
ADDED from HeLiaoToGitHub\AndroidManifest.xml:170:9-172:52
	android:screenOrientation
		ADDED from HeLiaoToGitHub\AndroidManifest.xml:172:13-49
	android:name
		ADDED from HeLiaoToGitHub\AndroidManifest.xml:171:13-59
activity#com.itcalf.renhe.context.more.AboutHeliaoActivity
ADDED from HeLiaoToGitHub\AndroidManifest.xml:173:9-175:52
	android:screenOrientation
		ADDED from HeLiaoToGitHub\AndroidManifest.xml:175:13-49
	android:name
		ADDED from HeLiaoToGitHub\AndroidManifest.xml:174:13-61
activity#com.itcalf.renhe.context.more.CouponsListActivity
ADDED from HeLiaoToGitHub\AndroidManifest.xml:176:9-178:52
	android:screenOrientation
		ADDED from HeLiaoToGitHub\AndroidManifest.xml:178:13-49
	android:name
		ADDED from HeLiaoToGitHub\AndroidManifest.xml:177:13-61
activity#com.itcalf.renhe.context.more.CouponsOverdueListActivity
ADDED from HeLiaoToGitHub\AndroidManifest.xml:179:9-181:52
	android:screenOrientation
		ADDED from HeLiaoToGitHub\AndroidManifest.xml:181:13-49
	android:name
		ADDED from HeLiaoToGitHub\AndroidManifest.xml:180:13-68
activity#com.itcalf.renhe.context.more.AccountLimitActivity
ADDED from HeLiaoToGitHub\AndroidManifest.xml:182:9-184:52
	android:screenOrientation
		ADDED from HeLiaoToGitHub\AndroidManifest.xml:184:13-49
	android:name
		ADDED from HeLiaoToGitHub\AndroidManifest.xml:183:13-62
activity#com.itcalf.renhe.context.more.AccountLimitUpgradeActivity
ADDED from HeLiaoToGitHub\AndroidManifest.xml:185:9-187:52
	android:screenOrientation
		ADDED from HeLiaoToGitHub\AndroidManifest.xml:187:13-49
	android:name
		ADDED from HeLiaoToGitHub\AndroidManifest.xml:186:13-69
activity#com.itcalf.renhe.context.more.InvitationCodeActivity
ADDED from HeLiaoToGitHub\AndroidManifest.xml:188:9-190:52
	android:screenOrientation
		ADDED from HeLiaoToGitHub\AndroidManifest.xml:190:13-49
	android:name
		ADDED from HeLiaoToGitHub\AndroidManifest.xml:189:13-64
activity#com.itcalf.renhe.context.more.SettingNewMsgActivity
ADDED from HeLiaoToGitHub\AndroidManifest.xml:191:9-193:52
	android:screenOrientation
		ADDED from HeLiaoToGitHub\AndroidManifest.xml:193:13-49
	android:name
		ADDED from HeLiaoToGitHub\AndroidManifest.xml:192:13-63
activity#com.itcalf.renhe.context.more.SettingAllActivity
ADDED from HeLiaoToGitHub\AndroidManifest.xml:194:9-196:52
	android:screenOrientation
		ADDED from HeLiaoToGitHub\AndroidManifest.xml:196:13-49
	android:name
		ADDED from HeLiaoToGitHub\AndroidManifest.xml:195:13-60
activity#com.itcalf.renhe.context.more.SettingGPRSActivity
ADDED from HeLiaoToGitHub\AndroidManifest.xml:197:9-199:52
	android:screenOrientation
		ADDED from HeLiaoToGitHub\AndroidManifest.xml:199:13-49
	android:name
		ADDED from HeLiaoToGitHub\AndroidManifest.xml:198:13-61
activity#com.itcalf.renhe.context.room.NewMessageBoardActivity
ADDED from HeLiaoToGitHub\AndroidManifest.xml:200:9-202:52
	android:screenOrientation
		ADDED from HeLiaoToGitHub\AndroidManifest.xml:202:13-49
	android:name
		ADDED from HeLiaoToGitHub\AndroidManifest.xml:201:13-65
activity#com.itcalf.renhe.context.relationship.NearbyActivity
ADDED from HeLiaoToGitHub\AndroidManifest.xml:204:9-206:52
	android:screenOrientation
		ADDED from HeLiaoToGitHub\AndroidManifest.xml:206:13-49
	android:name
		ADDED from HeLiaoToGitHub\AndroidManifest.xml:205:13-64
activity#com.itcalf.renhe.context.register.RegisterAuthActivity
ADDED from HeLiaoToGitHub\AndroidManifest.xml:209:9-211:52
	android:screenOrientation
		ADDED from HeLiaoToGitHub\AndroidManifest.xml:211:13-49
	android:name
		ADDED from HeLiaoToGitHub\AndroidManifest.xml:210:13-82
activity#com.itcalf.renhe.context.register.RegisterPerfectInfoActivity
ADDED from HeLiaoToGitHub\AndroidManifest.xml:212:9-214:52
	android:screenOrientation
		ADDED from HeLiaoToGitHub\AndroidManifest.xml:214:13-49
	android:name
		ADDED from HeLiaoToGitHub\AndroidManifest.xml:213:13-89
activity#com.itcalf.renhe.context.register.ImportMoblieMailActivity
ADDED from HeLiaoToGitHub\AndroidManifest.xml:215:9-217:52
	android:screenOrientation
		ADDED from HeLiaoToGitHub\AndroidManifest.xml:217:13-49
	android:name
		ADDED from HeLiaoToGitHub\AndroidManifest.xml:216:13-86
activity#com.itcalf.renhe.context.register.RegisterProvideGetInfo
ADDED from HeLiaoToGitHub\AndroidManifest.xml:218:9-220:52
	android:screenOrientation
		ADDED from HeLiaoToGitHub\AndroidManifest.xml:220:13-49
	android:name
		ADDED from HeLiaoToGitHub\AndroidManifest.xml:219:13-84
activity#com.itcalf.renhe.context.register.RecommendListAct
ADDED from HeLiaoToGitHub\AndroidManifest.xml:221:9-223:52
	android:screenOrientation
		ADDED from HeLiaoToGitHub\AndroidManifest.xml:223:13-49
	android:name
		ADDED from HeLiaoToGitHub\AndroidManifest.xml:222:13-78
activity#com.itcalf.renhe.context.register.BindPhoneActivity
ADDED from HeLiaoToGitHub\AndroidManifest.xml:225:9-227:52
	android:screenOrientation
		ADDED from HeLiaoToGitHub\AndroidManifest.xml:227:13-49
	android:name
		ADDED from HeLiaoToGitHub\AndroidManifest.xml:226:13-79
activity#com.itcalf.renhe.context.register.BindPhoneAuthActivity
ADDED from HeLiaoToGitHub\AndroidManifest.xml:228:9-230:52
	android:screenOrientation
		ADDED from HeLiaoToGitHub\AndroidManifest.xml:230:13-49
	android:name
		ADDED from HeLiaoToGitHub\AndroidManifest.xml:229:13-83
activity#com.itcalf.renhe.context.register.BindPhoneGuideActivity
ADDED from HeLiaoToGitHub\AndroidManifest.xml:231:9-233:52
	android:screenOrientation
		ADDED from HeLiaoToGitHub\AndroidManifest.xml:233:13-49
	android:name
		ADDED from HeLiaoToGitHub\AndroidManifest.xml:232:13-84
activity#com.itcalf.renhe.context.relationship.AdvanceSearchSelectCityMainActivity
ADDED from HeLiaoToGitHub\AndroidManifest.xml:234:9-237:55
	android:screenOrientation
		ADDED from HeLiaoToGitHub\AndroidManifest.xml:236:13-49
	android:windowSoftInputMode
		ADDED from HeLiaoToGitHub\AndroidManifest.xml:237:13-52
	android:name
		ADDED from HeLiaoToGitHub\AndroidManifest.xml:235:13-101
activity#com.itcalf.renhe.context.relationship.AdvanceSearchSelectForeignCityMainActivity
ADDED from HeLiaoToGitHub\AndroidManifest.xml:238:9-241:55
	android:screenOrientation
		ADDED from HeLiaoToGitHub\AndroidManifest.xml:240:13-49
	android:windowSoftInputMode
		ADDED from HeLiaoToGitHub\AndroidManifest.xml:241:13-52
	android:name
		ADDED from HeLiaoToGitHub\AndroidManifest.xml:239:13-108
activity#com.itcalf.renhe.context.relationship.AdvanceSearchSelectIndustryMainActivity
ADDED from HeLiaoToGitHub\AndroidManifest.xml:242:9-245:55
	android:screenOrientation
		ADDED from HeLiaoToGitHub\AndroidManifest.xml:244:13-49
	android:windowSoftInputMode
		ADDED from HeLiaoToGitHub\AndroidManifest.xml:245:13-52
	android:name
		ADDED from HeLiaoToGitHub\AndroidManifest.xml:243:13-105
activity#com.itcalf.renhe.context.relationship.selectindustry.SelectIndustryExpandableListActivity
ADDED from HeLiaoToGitHub\AndroidManifest.xml:246:9-249:55
	android:screenOrientation
		ADDED from HeLiaoToGitHub\AndroidManifest.xml:248:13-49
	android:windowSoftInputMode
		ADDED from HeLiaoToGitHub\AndroidManifest.xml:249:13-52
	android:name
		ADDED from HeLiaoToGitHub\AndroidManifest.xml:247:13-117
activity#com.itcalf.renhe.context.relationship.selectindustry.SelectIndustryListActivity
ADDED from HeLiaoToGitHub\AndroidManifest.xml:250:9-253:55
	android:screenOrientation
		ADDED from HeLiaoToGitHub\AndroidManifest.xml:252:13-49
	android:windowSoftInputMode
		ADDED from HeLiaoToGitHub\AndroidManifest.xml:253:13-52
	android:name
		ADDED from HeLiaoToGitHub\AndroidManifest.xml:251:13-107
activity#com.itcalf.renhe.context.archives.EditMyHomeArchivesActivity
ADDED from HeLiaoToGitHub\AndroidManifest.xml:254:9-257:55
	android:screenOrientation
		ADDED from HeLiaoToGitHub\AndroidManifest.xml:256:13-49
	android:windowSoftInputMode
		ADDED from HeLiaoToGitHub\AndroidManifest.xml:257:13-52
	android:name
		ADDED from HeLiaoToGitHub\AndroidManifest.xml:255:13-88
activity#com.itcalf.renhe.context.archives.edit.EditProvideGetInfo
ADDED from HeLiaoToGitHub\AndroidManifest.xml:258:9-261:55
	android:screenOrientation
		ADDED from HeLiaoToGitHub\AndroidManifest.xml:260:13-49